This file contains any messages produced by compilers while
running configure, to aid debugging if configure makes a mistake.

It was created by libguestfs configure 1.44.1, which was
generated by GNU Autoconf 2.69.  Invocation command line was

  $ ./configure 

## --------- ##
## Platform. ##
## --------- ##

hostname = localhost.localdomain
uname -m = x86_64
uname -r = 4.18.0-240.22.1.el8_3.x86_64
uname -s = Linux
uname -v = #1 SMP Thu Apr 8 19:01:30 UTC 2021

/usr/bin/uname -p = x86_64
/bin/uname -X     = unknown

/bin/arch              = x86_64
/usr/bin/arch -k       = unknown
/usr/convex/getsysinfo = unknown
/usr/bin/hostinfo      = unknown
/bin/machine           = unknown
/usr/bin/oslevel       = unknown
/bin/universe          = unknown

PATH: /home/murali/mypython/bin
PATH: /home/murali/.local/bin
PATH: /home/murali/bin
PATH: /usr/local/bin
PATH: /usr/bin
PATH: /usr/local/sbin
PATH: /usr/sbin


## ----------- ##
## Core tests. ##
## ----------- ##

configure:3145: error: cannot find install-sh, install.sh, or shtool in build-aux "."/build-aux

## ---------------- ##
## Cache variables. ##
## ---------------- ##

ac_cv_env_AUGEAS_CFLAGS_set=
ac_cv_env_AUGEAS_CFLAGS_value=
ac_cv_env_AUGEAS_LIBS_set=
ac_cv_env_AUGEAS_LIBS_value=
ac_cv_env_BASH_COMPLETION_CFLAGS_set=
ac_cv_env_BASH_COMPLETION_CFLAGS_value=
ac_cv_env_BASH_COMPLETION_LIBS_set=
ac_cv_env_BASH_COMPLETION_LIBS_value=
ac_cv_env_CCC_set=
ac_cv_env_CCC_value=
ac_cv_env_CC_set=
ac_cv_env_CC_value=
ac_cv_env_CFLAGS_set=
ac_cv_env_CFLAGS_value=
ac_cv_env_CPPFLAGS_set=
ac_cv_env_CPPFLAGS_value=
ac_cv_env_CPP_set=
ac_cv_env_CPP_value=
ac_cv_env_CXXCPP_set=
ac_cv_env_CXXCPP_value=
ac_cv_env_CXXFLAGS_set=
ac_cv_env_CXXFLAGS_value=
ac_cv_env_CXX_set=
ac_cv_env_CXX_value=
ac_cv_env_DB_DUMP_set=
ac_cv_env_DB_DUMP_value=
ac_cv_env_DB_LOAD_set=
ac_cv_env_DB_LOAD_value=
ac_cv_env_ERLCFLAGS_set=
ac_cv_env_ERLCFLAGS_value=
ac_cv_env_ERLC_set=
ac_cv_env_ERLC_value=
ac_cv_env_ERL_set=
ac_cv_env_ERL_value=
ac_cv_env_FUSE_CFLAGS_set=
ac_cv_env_FUSE_CFLAGS_value=
ac_cv_env_FUSE_LIBS_set=
ac_cv_env_FUSE_LIBS_value=
ac_cv_env_GIO_CFLAGS_set=
ac_cv_env_GIO_CFLAGS_value=
ac_cv_env_GIO_LIBS_set=
ac_cv_env_GIO_LIBS_value=
ac_cv_env_GOBJECT_CFLAGS_set=
ac_cv_env_GOBJECT_CFLAGS_value=
ac_cv_env_GOBJECT_LIBS_set=
ac_cv_env_GOBJECT_LIBS_value=
ac_cv_env_HIVEX_CFLAGS_set=
ac_cv_env_HIVEX_CFLAGS_value=
ac_cv_env_HIVEX_LIBS_set=
ac_cv_env_HIVEX_LIBS_value=
ac_cv_env_JANSSON_CFLAGS_set=
ac_cv_env_JANSSON_CFLAGS_value=
ac_cv_env_JANSSON_LIBS_set=
ac_cv_env_JANSSON_LIBS_value=
ac_cv_env_LDFLAGS_set=
ac_cv_env_LDFLAGS_value=
ac_cv_env_LIBCONFIG_CFLAGS_set=
ac_cv_env_LIBCONFIG_CFLAGS_value=
ac_cv_env_LIBCONFIG_LIBS_set=
ac_cv_env_LIBCONFIG_LIBS_value=
ac_cv_env_LIBCRYPT_CFLAGS_set=
ac_cv_env_LIBCRYPT_CFLAGS_value=
ac_cv_env_LIBCRYPT_LIBS_set=
ac_cv_env_LIBCRYPT_LIBS_value=
ac_cv_env_LIBLZMA_CFLAGS_set=
ac_cv_env_LIBLZMA_CFLAGS_value=
ac_cv_env_LIBLZMA_LIBS_set=
ac_cv_env_LIBLZMA_LIBS_value=
ac_cv_env_LIBS_set=
ac_cv_env_LIBS_value=
ac_cv_env_LIBTINFO_CFLAGS_set=
ac_cv_env_LIBTINFO_CFLAGS_value=
ac_cv_env_LIBTINFO_LIBS_set=
ac_cv_env_LIBTINFO_LIBS_value=
ac_cv_env_LIBVIRT_CFLAGS_set=
ac_cv_env_LIBVIRT_CFLAGS_value=
ac_cv_env_LIBVIRT_LIBS_set=
ac_cv_env_LIBVIRT_LIBS_value=
ac_cv_env_LIBXML2_CFLAGS_set=
ac_cv_env_LIBXML2_CFLAGS_value=
ac_cv_env_LIBXML2_LIBS_set=
ac_cv_env_LIBXML2_LIBS_value=
ac_cv_env_LT_SYS_LIBRARY_PATH_set=
ac_cv_env_LT_SYS_LIBRARY_PATH_value=
ac_cv_env_LUA_CFLAGS_set=
ac_cv_env_LUA_CFLAGS_value=
ac_cv_env_LUA_LIBS_set=
ac_cv_env_LUA_LIBS_value=
ac_cv_env_PCRE_CFLAGS_set=
ac_cv_env_PCRE_CFLAGS_value=
ac_cv_env_PCRE_LIBS_set=
ac_cv_env_PCRE_LIBS_value=
ac_cv_env_PKG_CONFIG_LIBDIR_set=
ac_cv_env_PKG_CONFIG_LIBDIR_value=
ac_cv_env_PKG_CONFIG_PATH_set=
ac_cv_env_PKG_CONFIG_PATH_value=
ac_cv_env_PKG_CONFIG_set=
ac_cv_env_PKG_CONFIG_value=
ac_cv_env_PYTHON_CFLAGS_set=
ac_cv_env_PYTHON_CFLAGS_value=
ac_cv_env_PYTHON_LIBS_set=
ac_cv_env_PYTHON_LIBS_value=
ac_cv_env_RPC_CFLAGS_set=
ac_cv_env_RPC_CFLAGS_value=
ac_cv_env_RPC_LIBS_set=
ac_cv_env_RPC_LIBS_value=
ac_cv_env_SD_JOURNAL_CFLAGS_set=
ac_cv_env_SD_JOURNAL_CFLAGS_value=
ac_cv_env_SD_JOURNAL_LIBS_set=
ac_cv_env_SD_JOURNAL_LIBS_value=
ac_cv_env_YACC_set=
ac_cv_env_YACC_value=
ac_cv_env_YARA_CFLAGS_set=
ac_cv_env_YARA_CFLAGS_value=
ac_cv_env_YARA_LIBS_set=
ac_cv_env_YARA_LIBS_value=
ac_cv_env_YFLAGS_set=
ac_cv_env_YFLAGS_value=
ac_cv_env_build_alias_set=
ac_cv_env_build_alias_value=
ac_cv_env_host_alias_set=
ac_cv_env_host_alias_value=
ac_cv_env_target_alias_set=
ac_cv_env_target_alias_value=

## ----------------- ##
## Output variables. ##
## ----------------- ##

ACLOCAL=''
ACL_LIBS=''
AMDEPBACKSLASH=''
AMDEP_FALSE=''
AMDEP_TRUE=''
AMTAR=''
AM_BACKSLASH=''
AM_DEFAULT_V=''
AM_DEFAULT_VERBOSITY=''
AM_V=''
AR=''
AUGEAS_CFLAGS=''
AUGEAS_LIBS=''
AUTOCONF=''
AUTOHEADER=''
AUTOMAKE=''
AWK=''
BASH_COMPLETIONS_DIR=''
BASH_COMPLETION_CFLAGS=''
BASH_COMPLETION_LIBS=''
BMPTOPNM=''
BRANCH_NUMBER=''
BRANCH_TYPE=''
CAMLRUN=''
CAP_LIBS=''
CARGO=''
CC=''
CCDEPMODE=''
CFLAGS=''
CPIO=''
CPP=''
CPPFLAGS=''
CXX=''
CXXCPP=''
CXXDEPMODE=''
CXXFLAGS=''
CYGPATH_W=''
DAEMON_SUPERMIN_DIR=''
DB_DUMP=''
DB_LOAD=''
DEFS=''
DEPDIR=''
DISTRO=''
DLLTOOL=''
DSYMUTIL=''
DUMPBIN=''
ECHO_C=''
ECHO_N='-n'
ECHO_T=''
EGREP=''
ENABLE_APPLIANCE=''
ENABLE_APPLIANCE_FALSE=''
ENABLE_APPLIANCE_TRUE=''
ENABLE_DAEMON_FALSE=''
ENABLE_DAEMON_TRUE=''
ENABLE_GNULIB_TESTS_FALSE=''
ENABLE_GNULIB_TESTS_TRUE=''
ENABLE_VAPIGEN_FALSE=''
ENABLE_VAPIGEN_TRUE=''
ERL=''
ERLANG_LIB_DIR=''
ERLANG_LIB_DIR_erl_interface=''
ERLANG_LIB_VER_erl_interface=''
ERLC=''
ERLCFLAGS=''
EXEEXT=''
EXTRA_JAVAC_FLAGS=''
EXTRA_PACKAGES=''
FGREP=''
FUSER=''
FUSE_CFLAGS=''
FUSE_LIBS=''
GCC_VISIBILITY_HIDDEN=''
GENISOIMAGE=''
GETTEXT_MACRO_VERSION=''
GHC=''
GIO_CFLAGS=''
GIO_LIBS=''
GJS=''
GMSGFMT=''
GMSGFMT_015=''
GOARCH=''
GOBJECT_CFLAGS=''
GOBJECT_LIBS=''
GOLANG=''
GOOS=''
GOROOT=''
GPERF=''
GREP=''
GUESTFS_DEFAULT_PATH=''
HAVE_BASH_COMPLETION_FALSE=''
HAVE_BASH_COMPLETION_TRUE=''
HAVE_BYTES_COMPAT_ML_FALSE=''
HAVE_BYTES_COMPAT_ML_TRUE=''
HAVE_CXX_FALSE=''
HAVE_CXX_TRUE=''
HAVE_DPKG_FALSE=''
HAVE_DPKG_TRUE=''
HAVE_ERLANG_FALSE=''
HAVE_ERLANG_TRUE=''
HAVE_FUSE_FALSE=''
HAVE_FUSE_TRUE=''
HAVE_GNU_GETTEXT_FALSE=''
HAVE_GNU_GETTEXT_TRUE=''
HAVE_GOBJECT_FALSE=''
HAVE_GOBJECT_TRUE=''
HAVE_GOLANG_FALSE=''
HAVE_GOLANG_TRUE=''
HAVE_HASKELL_FALSE=''
HAVE_HASKELL_TRUE=''
HAVE_HIVEX_FALSE=''
HAVE_HIVEX_TRUE=''
HAVE_INTROSPECTION_FALSE=''
HAVE_INTROSPECTION_TRUE=''
HAVE_JAVAH_FALSE=''
HAVE_JAVAH_TRUE=''
HAVE_JAVA_FALSE=''
HAVE_JAVA_TRUE=''
HAVE_LIBCONFIG_FALSE=''
HAVE_LIBCONFIG_TRUE=''
HAVE_LIBDL_FALSE=''
HAVE_LIBDL_TRUE=''
HAVE_LIBVIRT_FALSE=''
HAVE_LIBVIRT_TRUE=''
HAVE_LUA_FALSE=''
HAVE_LUA_TRUE=''
HAVE_OCAMLDOC_FALSE=''
HAVE_OCAMLDOC_TRUE=''
HAVE_OCAMLOPT_FALSE=''
HAVE_OCAMLOPT_TRUE=''
HAVE_OCAML_FALSE=''
HAVE_OCAML_GETTEXT_FALSE=''
HAVE_OCAML_GETTEXT_TRUE=''
HAVE_OCAML_PKG_GETTEXT_FALSE=''
HAVE_OCAML_PKG_GETTEXT_TRUE=''
HAVE_OCAML_PKG_OUNIT_FALSE=''
HAVE_OCAML_PKG_OUNIT_TRUE=''
HAVE_OCAML_TRUE=''
HAVE_PACMAN_FALSE=''
HAVE_PACMAN_TRUE=''
HAVE_PERL_FALSE=''
HAVE_PERL_TRUE=''
HAVE_PHP_FALSE=''
HAVE_PHP_TRUE=''
HAVE_PO4A_FALSE=''
HAVE_PO4A_TRUE=''
HAVE_PYCODESTYLE_FALSE=''
HAVE_PYCODESTYLE_TRUE=''
HAVE_PYTHON_FALSE=''
HAVE_PYTHON_TRUE=''
HAVE_RPCGEN_FALSE=''
HAVE_RPCGEN_TRUE=''
HAVE_RPM_FALSE=''
HAVE_RPM_TRUE=''
HAVE_RUBY_FALSE=''
HAVE_RUBY_TRUE=''
HAVE_RUST_FALSE=''
HAVE_RUST_TRUE=''
HAVE_TOOLS_FALSE=''
HAVE_TOOLS_TRUE=''
HAVE_XMLLINT_FALSE=''
HAVE_XMLLINT_TRUE=''
HIVEX_CFLAGS=''
HIVEX_LIBS=''
HIVEX_OPEN_UNSAFE_FLAG=''
INCLUDE_DIRECTORY=''
INSTALL_DAEMON_FALSE=''
INSTALL_DAEMON_TRUE=''
INSTALL_DATA=''
INSTALL_PROGRAM=''
INSTALL_SCRIPT=''
INSTALL_STRIP_PROGRAM=''
INTLLIBS=''
INTL_MACOSX_LIBS=''
INTROSPECTION_CFLAGS=''
INTROSPECTION_COMPILER=''
INTROSPECTION_GENERATE=''
INTROSPECTION_GIRDIR=''
INTROSPECTION_LIBS=''
INTROSPECTION_MAKEFILE=''
INTROSPECTION_SCANNER=''
INTROSPECTION_TYPELIBDIR=''
JANSSON_CFLAGS=''
JANSSON_LIBS=''
JAR=''
JAR_INSTALL_DIR=''
JAVA=''
JAVAC=''
JAVADOC=''
JAVAH=''
JAVA_EXE=''
JNI_CFLAGS=''
JNI_INSTALL_DIR=''
JNI_VERSION_INFO=''
LD=''
LDFLAGS=''
LEX=''
LEXLIB=''
LEX_OUTPUT_ROOT=''
LIBCONFIG_CFLAGS=''
LIBCONFIG_LIBS=''
LIBCRYPT_CFLAGS=''
LIBCRYPT_LIBS=''
LIBICONV=''
LIBINTL=''
LIBLZMA_CFLAGS=''
LIBLZMA_LIBS=''
LIBOBJS=''
LIBREADLINE=''
LIBS=''
LIBTINFO_CFLAGS=''
LIBTINFO_LIBS=''
LIBTOOL=''
LIBVIRT_CFLAGS=''
LIBVIRT_LIBS=''
LIBXML2_CFLAGS=''
LIBXML2_LIBS=''
LIPO=''
LN_S=''
LTLIBICONV=''
LTLIBINTL=''
LTLIBOBJS=''
LT_SYS_LIBRARY_PATH=''
LUA=''
LUA_CFLAGS=''
LUA_LIBS=''
LUA_VERSION=''
MAGIC_LIBS=''
MAKEINFO=''
MANIFEST_TOOL=''
MAX_PROC_NR=''
MKDIR_P=''
MSGCAT=''
MSGFMT=''
MSGFMT_015=''
MSGMERGE=''
NCURSES_CONFIG=''
NM=''
NMEDIT=''
NO_SNV_CFLAGS=''
NO_UM_CFLAGS=''
OBJDUMP=''
OBJEXT=''
OCAMLBEST=''
OCAMLBUILD=''
OCAMLC=''
OCAMLCDOTOPT=''
OCAMLDEP=''
OCAMLDEP_ALL=''
OCAMLDEP_ONE_LINE=''
OCAMLDOC=''
OCAMLFIND=''
OCAMLLIB=''
OCAMLMKLIB=''
OCAMLMKTOP=''
OCAMLOPT=''
OCAMLOPTDOTOPT=''
OCAMLVERSION=''
OCAML_FLAGS=''
OCAML_GETTEXT=''
OCAML_PKG_gettext=''
OCAML_PKG_hivex=''
OCAML_PKG_oUnit=''
OCAML_RUNTIME_VARIANT_PIC_OPTION=''
OCAML_WARN_ERROR=''
OTOOL64=''
OTOOL=''
PACKAGE=''
PACKAGE_BUGREPORT=''
PACKAGE_NAME='libguestfs'
PACKAGE_STRING='libguestfs 1.44.1'
PACKAGE_TARNAME='libguestfs'
PACKAGE_URL=''
PACKAGE_VERSION='1.44.1'
PACKAGE_VERSION_FULL=''
PAMCUT=''
PATH_SEPARATOR=':'
PBMTEXT=''
PCRE_CFLAGS=''
PCRE_CONFIG=''
PCRE_LIBS=''
PERL=''
PHP=''
PHPIZE=''
PKG_CONFIG=''
PKG_CONFIG_LIBDIR=''
PKG_CONFIG_PATH=''
PNMTOPNG=''
PO4A_GETTEXTIZE=''
PO4A_TRANSLATE=''
PODWRAPPER=''
POSUB=''
PYCODESTYLE=''
PYTHON=''
PYTHON_CFLAGS=''
PYTHON_EXT_SUFFIX=''
PYTHON_INSTALLDIR=''
PYTHON_LIBS=''
PYTHON_PREFIX=''
PYTHON_VERSION=''
QEMU=''
RAKE=''
RANLIB=''
RELEASE_DATE=''
RPCGEN=''
RPC_CFLAGS=''
RPC_LIBS=''
RUBY=''
RUSTC=''
SD_JOURNAL_CFLAGS=''
SD_JOURNAL_LIBS=''
SED=''
SELINUX_LIBS=''
SET_MAKE=''
SHELL='/bin/sh'
STRIP=''
SUPERMIN=''
SUPERMIN_EXTRA_OPTIONS=''
SUPERMIN_PACKAGER_CONFIG=''
SYSCONFDIR=''
TOOL_TRUE=''
TSK_LIBS=''
USE_NLS=''
VALGRIND=''
VAPIGEN=''
VAPIGEN_MAKEFILE=''
VAPIGEN_VAPIDIR=''
VERSION=''
VERSION_SCRIPT_FLAGS=''
VG=''
WARN_CFLAGS=''
WERROR_CFLAGS=''
WRESTOOL=''
XGETTEXT=''
XGETTEXT_015=''
XGETTEXT_EXTRA_OPTIONS=''
XMLLINT=''
XZCAT=''
YACC=''
YARA_CFLAGS=''
YARA_LIBS=''
YFLAGS=''
ac_ct_AR=''
ac_ct_CC=''
ac_ct_CXX=''
ac_ct_DUMPBIN=''
am__EXEEXT_FALSE=''
am__EXEEXT_TRUE=''
am__fastdepCC_FALSE=''
am__fastdepCC_TRUE=''
am__fastdepCXX_FALSE=''
am__fastdepCXX_TRUE=''
am__include=''
am__isrc=''
am__leading_dot=''
am__nodep=''
am__quote=''
am__tar=''
am__untar=''
bindir='${exec_prefix}/bin'
build=''
build_alias=''
build_cpu=''
build_os=''
build_vendor=''
datadir='${datarootdir}'
datarootdir='${prefix}/share'
docdir='${datarootdir}/doc/${PACKAGE_TARNAME}'
dvidir='${docdir}'
exec_prefix='NONE'
host=''
host_alias=''
host_cpu=''
host_os=''
host_vendor=''
htmldir='${docdir}'
includedir='${prefix}/include'
infodir='${datarootdir}/info'
install_sh=''
libdir='${exec_prefix}/lib'
libexecdir='${exec_prefix}/libexec'
libvirt_ro_uri=''
localedir='${datarootdir}/locale'
localstatedir='${prefix}/var'
mandir='${datarootdir}/man'
mkdir_p=''
oldincludedir='/usr/include'
ounit_is_v2=''
pdfdir='${docdir}'
prefix='NONE'
program_transform_name='s,x,x,'
psdir='${docdir}'
sbindir='${exec_prefix}/sbin'
sharedstatedir='${prefix}/com'
sysconfdir='${prefix}/etc'
target_alias=''

## ----------- ##
## confdefs.h. ##
## ----------- ##

/* confdefs.h */
#define PACKAGE_NAME "libguestfs"
#define PACKAGE_TARNAME "libguestfs"
#define PACKAGE_VERSION "1.44.1"
#define PACKAGE_STRING "libguestfs 1.44.1"
#define PACKAGE_BUGREPORT ""
#define PACKAGE_URL ""

configure: exit 1
